2025-11-18 17:17:07,399 INFO o.h.v.i.u.Version [background-preinit] HV000001: Hibernate Validator 8.0.1.Final
2025-11-18 17:17:07,414 INFO o.s.b.StartupInfoLogger [main] Starting Application using Java 21.0.4 with PID 2118 (/Users/ioan.badarinza/Documents/workspace/TPJAD-Private/6. Spring/spring-boot-simple/target/classes started by ioan.badarinza in /Users/ioan.badarinza/Documents/workspace/TPJAD-Private/6. Spring/spring-boot-simple)
2025-11-18 17:17:07,417 DEBUG o.s.b.StartupInfoLogger [main] Running with Spring Boot v3.3.2, Spring v6.1.11
2025-11-18 17:17:07,418 INFO o.s.b.SpringApplication [main] No active profile set, falling back to 1 default profile: "default"
2025-11-18 17:17:07,662 INFO o.s.d.r.c.RepositoryConfigurationDelegate [main] Bootstrapping Spring Data JPA repositories in DEFAULT mode.
2025-11-18 17:17:07,680 INFO o.s.d.r.c.RepositoryConfigurationDelegate [main] Finished Spring Data repository scanning in 14 ms. Found 1 JPA repository interface.
2025-11-18 17:17:08,206 INFO o.s.b.w.e.t.TomcatWebServer [main] Tomcat initialized with port 8080 (http)
2025-11-18 17:17:08,212 INFO o.a.j.l.DirectJDKLog [main] Initializing ProtocolHandler ["http-nio-8080"]
2025-11-18 17:17:08,219 INFO o.a.j.l.DirectJDKLog [main] Starting service [Tomcat]
2025-11-18 17:17:08,219 INFO o.a.j.l.DirectJDKLog [main] Starting Servlet engine: [Apache Tomcat/10.1.26]
2025-11-18 17:17:08,248 INFO o.a.j.l.DirectJDKLog [main] Initializing Spring embedded WebApplicationContext
2025-11-18 17:17:08,248 INFO o.s.b.w.s.c.ServletWebServerApplicationContext [main] Root WebApplicationContext: initialization completed in 810 ms
2025-11-18 17:17:08,323 INFO o.h.j.i.u.LogHelper [main] HHH000204: Processing PersistenceUnitInfo [name: default]
2025-11-18 17:17:08,350 INFO o.h.Version [main] HHH000412: Hibernate ORM core version 6.5.2.Final
2025-11-18 17:17:08,368 INFO o.h.c.i.RegionFactoryInitiator [main] HHH000026: Second-level cache disabled
2025-11-18 17:17:08,531 INFO o.s.o.j.p.SpringPersistenceUnitInfo [main] No LoadTimeWeaver setup: ignoring JPA class transformer
2025-11-18 17:17:09,100 INFO o.h.e.t.j.p.i.JtaPlatformInitiator [main] HHH000489: No JTA platform available (set 'hibernate.transaction.jta.platform' to enable JTA platform integration)
2025-11-18 17:17:09,118 INFO o.s.o.j.AbstractEntityManagerFactoryBean [main] Initialized JPA EntityManagerFactory for persistence unit 'default'
2025-11-18 17:17:09,274 WARN o.s.b.a.o.j.JpaBaseConfiguration$JpaWebConfiguration [main] spring.jpa.open-in-view is enabled by default. Therefore, database queries may be performed during view rendering. Explicitly configure spring.jpa.open-in-view to disable this warning
2025-11-18 17:17:09,284 WARN o.s.b.a.s.s.UserDetailsServiceAutoConfiguration [main] 

Using generated security password: 470128ce-442e-4313-bc6f-9e89ea82a8f6

This generated password is for development use only. Your security configuration must be updated before running your application in production.

2025-11-18 17:17:09,296 INFO o.s.s.c.a.a.c.InitializeUserDetailsBeanManagerConfigurer$InitializeUserDetailsManagerConfigurer [main] Global AuthenticationManager configured with UserDetailsService bean with name inMemoryUserDetailsManager
2025-11-18 17:17:09,542 INFO o.a.j.l.DirectJDKLog [main] Starting ProtocolHandler ["http-nio-8080"]
2025-11-18 17:17:09,551 INFO o.s.b.w.e.t.TomcatWebServer [main] Tomcat started on port 8080 (http) with context path '/'
2025-11-18 17:17:09,556 INFO o.s.b.StartupInfoLogger [main] Started Application in 2.343 seconds (process running for 2.773)
2025-11-18 17:17:16,949 INFO o.a.j.l.DirectJDKLog [http-nio-8080-exec-1] Initializing Spring DispatcherServlet 'dispatcherServlet'
2025-11-18 17:17:16,950 INFO o.s.w.s.FrameworkServlet [http-nio-8080-exec-1] Initializing Servlet 'dispatcherServlet'
2025-11-18 17:17:16,951 INFO o.s.w.s.FrameworkServlet [http-nio-8080-exec-1] Completed initialization in 1 ms
2025-11-18 19:38:24,703 INFO o.s.o.j.AbstractEntityManagerFactoryBean [SpringApplicationShutdownHook] Closing JPA EntityManagerFactory for persistence unit 'default'
