Alfabet: 123456789

Harta grupurilor de celule: 

aaabbbccc
aaabbbccc
aaabbbccc
dddeeefff
dddeeefff
dddeeefff
ggghhhiii
ggghhhiii
ggghhhiii

Partial 0, parinte -1, total 0, active 1. Problema initiala

7---4--9-
38-2----4
--5--6---
12--3----
-5-----8-
----8--79
---1--4--
8----7-31
-7--9---6

ml[0]= [1,2,3,5,6,8]
ml[1]= [1,5,6,7,9]
ml[2]= [1,2,3,4,7,8,9]
ml[3]= [4,5,6,7,8,9]
ml[4]= [1,2,3,4,6,7,9]
ml[5]= [1,2,3,4,5,6]
ml[6]= [2,3,5,6,7,8,9]
ml[7]= [2,4,5,6,9]
ml[8]= [1,2,3,4,5,8]

mc[0]= [2,4,5,6,9]
mc[1]= [1,3,4,6,9]
mc[2]= [1,2,3,4,6,7,8,9]
mc[3]= [3,4,5,6,7,8,9]
mc[4]= [1,2,5,6,7]
mc[5]= [1,2,3,4,5,8,9]
mc[6]= [1,2,3,5,6,7,8,9]
mc[7]= [1,2,4,5,6]
mc[8]= [2,3,5,7,8]

mg[a]= [1,2,4,6,9]
mg[b]= [1,3,5,7,8,9]
mg[c]= [1,2,3,5,6,7,8]
mg[d]= [3,4,6,7,8,9]
mg[e]= [1,2,4,5,6,7,9]
mg[f]= [1,2,3,4,5,6]
mg[g]= [1,2,3,4,5,6,9]
mg[h]= [2,3,4,5,6,8]
mg[i]= [2,5,7,8,9]

Partial 0, parinte -1, total 2, active 3. Ramificare in (0,1) cu [1,6]

7---4--9-
38-2----4
--5--6---
128739645
-5-----8-
----8--79
---1--4--
8----7-31
-7--9---6

ml[0]= [1,2,3,5,6,8]
ml[1]= [1,5,6,7,9]
ml[2]= [1,2,3,4,7,8,9]
ml[3]= []
ml[4]= [1,2,3,4,6,7,9]
ml[5]= [1,2,3,4,5,6]
ml[6]= [2,3,5,6,7,8,9]
ml[7]= [2,4,5,6,9]
ml[8]= [1,2,3,4,5,8]

mc[0]= [2,4,5,6,9]
mc[1]= [1,3,4,6,9]
mc[2]= [1,2,3,4,6,7,9]
mc[3]= [3,4,5,6,8,9]
mc[4]= [1,2,5,6,7]
mc[5]= [1,2,3,4,5,8]
mc[6]= [1,2,3,5,7,8,9]
mc[7]= [1,2,5,6]
mc[8]= [2,3,7,8]

mg[a]= [1,2,4,6,9]
mg[b]= [1,3,5,7,8,9]
mg[c]= [1,2,3,5,6,7,8]
mg[d]= [3,4,6,7,9]
mg[e]= [1,2,4,5,6]
mg[f]= [1,2,3]
mg[g]= [1,2,3,4,5,6,9]
mg[h]= [2,3,4,5,6,8]
mg[i]= [2,5,7,8,9]

Partial 2, parinte 0, total 4, active 4. Ramificare in (0,2) cu [1,2]

76--4--9-
38-2----4
--5--6---
128739645
-5-----8-
----8--79
---1--4--
8----7-31
-7--9---6

ml[0]= [1,2,3,5,8]
ml[1]= [1,5,6,7,9]
ml[2]= [1,2,3,4,7,8,9]
ml[3]= []
ml[4]= [1,2,3,4,6,7,9]
ml[5]= [1,2,3,4,5,6]
ml[6]= [2,3,5,6,7,8,9]
ml[7]= [2,4,5,6,9]
ml[8]= [1,2,3,4,5,8]

mc[0]= [2,4,5,6,9]
mc[1]= [1,3,4,9]
mc[2]= [1,2,3,4,6,7,9]
mc[3]= [3,4,5,6,8,9]
mc[4]= [1,2,5,6,7]
mc[5]= [1,2,3,4,5,8]
mc[6]= [1,2,3,5,7,8,9]
mc[7]= [1,2,5,6]
mc[8]= [2,3,7,8]

mg[a]= [1,2,4,9]
mg[b]= [1,3,5,7,8,9]
mg[c]= [1,2,3,5,6,7,8]
mg[d]= [3,4,6,7,9]
mg[e]= [1,2,4,5,6]
mg[f]= [1,2,3]
mg[g]= [1,2,3,4,5,6,9]
mg[h]= [2,3,4,5,6,8]
mg[i]= [2,5,7,8,9]

Partial 1, parinte 0, total 6, active 5. Ramificare in (0,2) cu [2,6]

71--4--9-
38-2----4
--5--6---
128739645
-5-----8-
----8--79
---1--4--
8----7-31
-7--9---6

ml[0]= [2,3,5,6,8]
ml[1]= [1,5,6,7,9]
ml[2]= [1,2,3,4,7,8,9]
ml[3]= []
ml[4]= [1,2,3,4,6,7,9]
ml[5]= [1,2,3,4,5,6]
ml[6]= [2,3,5,6,7,8,9]
ml[7]= [2,4,5,6,9]
ml[8]= [1,2,3,4,5,8]

mc[0]= [2,4,5,6,9]
mc[1]= [3,4,6,9]
mc[2]= [1,2,3,4,6,7,9]
mc[3]= [3,4,5,6,8,9]
mc[4]= [1,2,5,6,7]
mc[5]= [1,2,3,4,5,8]
mc[6]= [1,2,3,5,7,8,9]
mc[7]= [1,2,5,6]
mc[8]= [2,3,7,8]

mg[a]= [2,4,6,9]
mg[b]= [1,3,5,7,8,9]
mg[c]= [1,2,3,5,6,7,8]
mg[d]= [3,4,6,7,9]
mg[e]= [1,2,4,5,6]
mg[f]= [1,2,3]
mg[g]= [1,2,3,4,5,6,9]
mg[h]= [2,3,4,5,6,8]
mg[i]= [2,5,7,8,9]

Partial 4, parinte 2, total 8, active 6. Ramificare in (0,8) cu [3,8]

762-4--9-
38-2----4
--5--6---
128739645
-5-----8-
----8--79
---1--4--
8----7-31
-7--9---6

ml[0]= [1,3,5,8]
ml[1]= [1,5,6,7,9]
ml[2]= [1,2,3,4,7,8,9]
ml[3]= []
ml[4]= [1,2,3,4,6,7,9]
ml[5]= [1,2,3,4,5,6]
ml[6]= [2,3,5,6,7,8,9]
ml[7]= [2,4,5,6,9]
ml[8]= [1,2,3,4,5,8]

mc[0]= [2,4,5,6,9]
mc[1]= [1,3,4,9]
mc[2]= [1,3,4,6,7,9]
mc[3]= [3,4,5,6,8,9]
mc[4]= [1,2,5,6,7]
mc[5]= [1,2,3,4,5,8]
mc[6]= [1,2,3,5,7,8,9]
mc[7]= [1,2,5,6]
mc[8]= [2,3,7,8]

mg[a]= [1,4,9]
mg[b]= [1,3,5,7,8,9]
mg[c]= [1,2,3,5,6,7,8]
mg[d]= [3,4,6,7,9]
mg[e]= [1,2,4,5,6]
mg[f]= [1,2,3]
mg[g]= [1,2,3,4,5,6,9]
mg[h]= [2,3,4,5,6,8]
mg[i]= [2,5,7,8,9]

Partial 3, parinte 2, total 8, active 5. ESEC nr: 1

761-4--9-
3892----4
245-76-1-
128739645
-5-----8-
-3--8--79
-9-1--4--
8----7-31
-7--9---6

ml[0]= [2,3,5,8]
ml[1]= [1,5,6,7]
ml[2]= [3,8,9]
ml[3]= []
ml[4]= [1,2,3,4,6,7,9]
ml[5]= [1,2,4,5,6]
ml[6]= [2,3,5,6,7,8]
ml[7]= [2,4,5,6,9]
ml[8]= [1,2,3,4,5,8]

mc[0]= [4,5,6,9]
mc[1]= [1]
mc[2]= [2,3,4,6,7]
mc[3]= [3,4,5,6,8,9]
mc[4]= [1,2,5,6]
mc[5]= [1,2,3,4,5,8]
mc[6]= [1,2,3,5,7,8,9]
mc[7]= [2,5,6]
mc[8]= [2,3,7,8]

mg[a]= []
mg[b]= [1,3,5,8,9]
mg[c]= [2,3,5,6,7,8]
mg[d]= [4,6,7,9]
mg[e]= [1,2,4,5,6]
mg[f]= [1,2,3]
mg[g]= [1,2,3,4,5,6]
mg[h]= [2,3,4,5,6,8]
mg[i]= [2,5,7,8,9]

Partial 6, parinte 1, total 10, active 6. Ramificare in (1,4) cu [1,5]

716-4--9-
3892----4
245-76-1-
128739645
-5-----8-
----8--79
---1--4--
8----7-31
-7--9---6

ml[0]= [2,3,5,8]
ml[1]= [1,5,6,7]
ml[2]= [3,8,9]
ml[3]= []
ml[4]= [1,2,3,4,6,7,9]
ml[5]= [1,2,3,4,5,6]
ml[6]= [2,3,5,6,7,8,9]
ml[7]= [2,4,5,6,9]
ml[8]= [1,2,3,4,5,8]

mc[0]= [4,5,6,9]
mc[1]= [3,6,9]
mc[2]= [1,2,3,4,7]
mc[3]= [3,4,5,6,8,9]
mc[4]= [1,2,5,6]
mc[5]= [1,2,3,4,5,8]
mc[6]= [1,2,3,5,7,8,9]
mc[7]= [2,5,6]
mc[8]= [2,3,7,8]

mg[a]= []
mg[b]= [1,3,5,8,9]
mg[c]= [2,3,5,6,7,8]
mg[d]= [3,4,6,7,9]
mg[e]= [1,2,4,5,6]
mg[f]= [1,2,3]
mg[g]= [1,2,3,4,5,6,9]
mg[h]= [2,3,4,5,6,8]
mg[i]= [2,5,7,8,9]

Partial 5, parinte 1, total 12, active 7. Ramificare in (0,8) cu [3,8]

712-4--9-
38-2----4
--5--6---
128739645
-5-----8-
----8--79
---1--4--
8----7-31
-7--9---6

ml[0]= [3,5,6,8]
ml[1]= [1,5,6,7,9]
ml[2]= [1,2,3,4,7,8,9]
ml[3]= []
ml[4]= [1,2,3,4,6,7,9]
ml[5]= [1,2,3,4,5,6]
ml[6]= [2,3,5,6,7,8,9]
ml[7]= [2,4,5,6,9]
ml[8]= [1,2,3,4,5,8]

mc[0]= [2,4,5,6,9]
mc[1]= [3,4,6,9]
mc[2]= [1,3,4,6,7,9]
mc[3]= [3,4,5,6,8,9]
mc[4]= [1,2,5,6,7]
mc[5]= [1,2,3,4,5,8]
mc[6]= [1,2,3,5,7,8,9]
mc[7]= [1,2,5,6]
mc[8]= [2,3,7,8]

mg[a]= [4,6,9]
mg[b]= [1,3,5,7,8,9]
mg[c]= [1,2,3,5,6,7,8]
mg[d]= [3,4,6,7,9]
mg[e]= [1,2,4,5,6]
mg[f]= [1,2,3]
mg[g]= [1,2,3,4,5,6,9]
mg[h]= [2,3,4,5,6,8]
mg[i]= [2,5,7,8,9]

Partial 8, parinte 4, total 14, active 8. Ramificare in (0,3) cu [3,5]

762-4--98
38-2----4
--5--6---
128739645
-5-----8-
----8--79
---1--4--
8----7-31
-7--9---6

ml[0]= [1,3,5]
ml[1]= [1,5,6,7,9]
ml[2]= [1,2,3,4,7,8,9]
ml[3]= []
ml[4]= [1,2,3,4,6,7,9]
ml[5]= [1,2,3,4,5,6]
ml[6]= [2,3,5,6,7,8,9]
ml[7]= [2,4,5,6,9]
ml[8]= [1,2,3,4,5,8]

mc[0]= [2,4,5,6,9]
mc[1]= [1,3,4,9]
mc[2]= [1,3,4,6,7,9]
mc[3]= [3,4,5,6,8,9]
mc[4]= [1,2,5,6,7]
mc[5]= [1,2,3,4,5,8]
mc[6]= [1,2,3,5,7,8,9]
mc[7]= [1,2,5,6]
mc[8]= [2,3,7]

mg[a]= [1,4,9]
mg[b]= [1,3,5,7,8,9]
mg[c]= [1,2,3,5,6,7]
mg[d]= [3,4,6,7,9]
mg[e]= [1,2,4,5,6]
mg[f]= [1,2,3]
mg[g]= [1,2,3,4,5,6,9]
mg[h]= [2,3,4,5,6,8]
mg[i]= [2,5,7,8,9]

Partial 7, parinte 4, total 16, active 9. Ramificare in (0,3) cu [5,8]

762-4--93
38-2----4
--5--6---
128739645
-5-----82
----8--79
---1--4--
8----7-31
-7--9---6

ml[0]= [1,5,8]
ml[1]= [1,5,6,7,9]
ml[2]= [1,2,3,4,7,8,9]
ml[3]= []
ml[4]= [1,3,4,6,7,9]
ml[5]= [1,2,3,4,5,6]
ml[6]= [2,3,5,6,7,8,9]
ml[7]= [2,4,5,6,9]
ml[8]= [1,2,3,4,5,8]

mc[0]= [2,4,5,6,9]
mc[1]= [1,3,4,9]
mc[2]= [1,3,4,6,7,9]
mc[3]= [3,4,5,6,8,9]
mc[4]= [1,2,5,6,7]
mc[5]= [1,2,3,4,5,8]
mc[6]= [1,2,3,5,7,8,9]
mc[7]= [1,2,5,6]
mc[8]= [7,8]

mg[a]= [1,4,9]
mg[b]= [1,3,5,7,8,9]
mg[c]= [1,2,5,6,7,8]
mg[d]= [3,4,6,7,9]
mg[e]= [1,2,4,5,6]
mg[f]= [1,3]
mg[g]= [1,2,3,4,5,6,9]
mg[h]= [2,3,4,5,6,8]
mg[i]= [2,5,7,8,9]

Partial 12, parinte 5, total 18, active 10. Ramificare in (0,3) cu [3,5]

712-4--98
38-2----4
--5--6---
128739645
-5-----8-
----8--79
---1--4--
8----7-31
-7--9---6

ml[0]= [3,5,6]
ml[1]= [1,5,6,7,9]
ml[2]= [1,2,3,4,7,8,9]
ml[3]= []
ml[4]= [1,2,3,4,6,7,9]
ml[5]= [1,2,3,4,5,6]
ml[6]= [2,3,5,6,7,8,9]
ml[7]= [2,4,5,6,9]
ml[8]= [1,2,3,4,5,8]

mc[0]= [2,4,5,6,9]
mc[1]= [3,4,6,9]
mc[2]= [1,3,4,6,7,9]
mc[3]= [3,4,5,6,8,9]
mc[4]= [1,2,5,6,7]
mc[5]= [1,2,3,4,5,8]
mc[6]= [1,2,3,5,7,8,9]
mc[7]= [1,2,5,6]
mc[8]= [2,3,7]

mg[a]= [4,6,9]
mg[b]= [1,3,5,7,8,9]
mg[c]= [1,2,3,5,6,7]
mg[d]= [3,4,6,7,9]
mg[e]= [1,2,4,5,6]
mg[f]= [1,2,3]
mg[g]= [1,2,3,4,5,6,9]
mg[h]= [2,3,4,5,6,8]
mg[i]= [2,5,7,8,9]

Partial 14, parinte 8, total 18, active 9. ESEC nr: 2

762543198
389271--4
--5--6---
128739645
-5-----8-
----8--79
---1--4--
8----7-31
-7--9---6

ml[0]= []
ml[1]= [5,6]
ml[2]= [1,2,3,4,7,8,9]
ml[3]= []
ml[4]= [1,2,3,4,6,7,9]
ml[5]= [1,2,3,4,5,6]
ml[6]= [2,3,5,6,7,8,9]
ml[7]= [2,4,5,6,9]
ml[8]= [1,2,3,4,5,8]

mc[0]= [2,4,5,6,9]
mc[1]= [1,3,4,9]
mc[2]= [1,3,4,6,7]
mc[3]= [3,4,6,8,9]
mc[4]= [1,2,5,6]
mc[5]= [2,4,5,8]
mc[6]= [2,3,5,7,8,9]
mc[7]= [1,2,5,6]
mc[8]= [2,3,7]

mg[a]= [1,4]
mg[b]= [8,9]
mg[c]= [2,3,5,6,7]
mg[d]= [3,4,6,7,9]
mg[e]= [1,2,4,5,6]
mg[f]= [1,2,3]
mg[g]= [1,2,3,4,5,6,9]
mg[h]= [2,3,4,5,6,8]
mg[i]= [2,5,7,8,9]

Partial 11, parinte 5, total 20, active 10. Ramificare in (0,3) cu [5,8]

712-4--93
38-2----4
--5--6---
128739645
-5-----82
----8--79
---1--4--
8----7-31
-7--9---6

ml[0]= [5,6,8]
ml[1]= [1,5,6,7,9]
ml[2]= [1,2,3,4,7,8,9]
ml[3]= []
ml[4]= [1,3,4,6,7,9]
ml[5]= [1,2,3,4,5,6]
ml[6]= [2,3,5,6,7,8,9]
ml[7]= [2,4,5,6,9]
ml[8]= [1,2,3,4,5,8]

mc[0]= [2,4,5,6,9]
mc[1]= [3,4,6,9]
mc[2]= [1,3,4,6,7,9]
mc[3]= [3,4,5,6,8,9]
mc[4]= [1,2,5,6,7]
mc[5]= [1,2,3,4,5,8]
mc[6]= [1,2,3,5,7,8,9]
mc[7]= [1,2,5,6]
mc[8]= [7,8]

mg[a]= [4,6,9]
mg[b]= [1,3,5,7,8,9]
mg[c]= [1,2,5,6,7,8]
mg[d]= [3,4,6,7,9]
mg[e]= [1,2,4,5,6]
mg[f]= [1,3]
mg[g]= [1,2,3,4,5,6,9]
mg[h]= [2,3,4,5,6,8]
mg[i]= [2,5,7,8,9]

Partial 13, parinte 8, total 22, active 11. Ramificare in (0,5) cu [1,5]

76234--98
38-2----4
--5--6---
128739645
-5-----8-
----8--79
---1--4--
8----7-31
-7--9---6

ml[0]= [1,5]
ml[1]= [1,5,6,7,9]
ml[2]= [1,2,3,4,7,8,9]
ml[3]= []
ml[4]= [1,2,3,4,6,7,9]
ml[5]= [1,2,3,4,5,6]
ml[6]= [2,3,5,6,7,8,9]
ml[7]= [2,4,5,6,9]
ml[8]= [1,2,3,4,5,8]

mc[0]= [2,4,5,6,9]
mc[1]= [1,3,4,9]
mc[2]= [1,3,4,6,7,9]
mc[3]= [4,5,6,8,9]
mc[4]= [1,2,5,6,7]
mc[5]= [1,2,3,4,5,8]
mc[6]= [1,2,3,5,7,8,9]
mc[7]= [1,2,5,6]
mc[8]= [2,3,7]

mg[a]= [1,4,9]
mg[b]= [1,5,7,8,9]
mg[c]= [1,2,3,5,6,7]
mg[d]= [3,4,6,7,9]
mg[e]= [1,2,4,5,6]
mg[f]= [1,2,3]
mg[g]= [1,2,3,4,5,6,9]
mg[h]= [2,3,4,5,6,8]
mg[i]= [2,5,7,8,9]

Partial 10, parinte 6, total 26, active 14. Ramificare in (0,3) cu [3,8]

716-4--9-
389251764
245-76-1-
128739645
-5-----8-
----8--79
---1--4--
8----7-31
-7--9---6

ml[0]= [2,3,5,8]
ml[1]= []
ml[2]= [3,8,9]
ml[3]= []
ml[4]= [1,2,3,4,6,7,9]
ml[5]= [1,2,3,4,5,6]
ml[6]= [2,3,5,6,7,8,9]
ml[7]= [2,4,5,6,9]
ml[8]= [1,2,3,4,5,8]

mc[0]= [4,5,6,9]
mc[1]= [3,6,9]
mc[2]= [1,2,3,4,7]
mc[3]= [3,4,5,6,8,9]
mc[4]= [1,2,6]
mc[5]= [2,3,4,5,8]
mc[6]= [1,2,3,5,8,9]
mc[7]= [2,5]
mc[8]= [2,3,7,8]

mg[a]= []
mg[b]= [3,8,9]
mg[c]= [2,3,5,8]
mg[d]= [3,4,6,7,9]
mg[e]= [1,2,4,5,6]
mg[f]= [1,2,3]
mg[g]= [1,2,3,4,5,6,9]
mg[h]= [2,3,4,5,6,8]
mg[i]= [2,5,7,8,9]

Partial 15, parinte 7, total 26, active 13. ESEC nr: 3

762548193
389271--4
--5--6---
128739645
-5-----82
----8--79
---1--4--
8----7-31
-7--9---6

ml[0]= []
ml[1]= [5,6]
ml[2]= [1,2,3,4,7,8,9]
ml[3]= []
ml[4]= [1,3,4,6,7,9]
ml[5]= [1,2,3,4,5,6]
ml[6]= [2,3,5,6,7,8,9]
ml[7]= [2,4,5,6,9]
ml[8]= [1,2,3,4,5,8]

mc[0]= [2,4,5,6,9]
mc[1]= [1,3,4,9]
mc[2]= [1,3,4,6,7]
mc[3]= [3,4,6,8,9]
mc[4]= [1,2,5,6]
mc[5]= [2,3,4,5]
mc[6]= [2,3,5,7,8,9]
mc[7]= [1,2,5,6]
mc[8]= [7,8]

mg[a]= [1,4]
mg[b]= [3,9]
mg[c]= [2,5,6,7,8]
mg[d]= [3,4,6,7,9]
mg[e]= [1,2,4,5,6]
mg[f]= [1,3]
mg[g]= [1,2,3,4,5,6,9]
mg[h]= [2,3,4,5,6,8]
mg[i]= [2,5,7,8,9]

Partial 16, parinte 7, total 28, active 14. Ramificare in (0,5) cu [1,5]

76284--93
38-2----4
--5--6---
128739645
-5-----82
----8--79
---1--4--
8----7-31
-7--9---6

ml[0]= [1,5]
ml[1]= [1,5,6,7,9]
ml[2]= [1,2,3,4,7,8,9]
ml[3]= []
ml[4]= [1,3,4,6,7,9]
ml[5]= [1,2,3,4,5,6]
ml[6]= [2,3,5,6,7,8,9]
ml[7]= [2,4,5,6,9]
ml[8]= [1,2,3,4,5,8]

mc[0]= [2,4,5,6,9]
mc[1]= [1,3,4,9]
mc[2]= [1,3,4,6,7,9]
mc[3]= [3,4,5,6,9]
mc[4]= [1,2,5,6,7]
mc[5]= [1,2,3,4,5,8]
mc[6]= [1,2,3,5,7,8,9]
mc[7]= [1,2,5,6]
mc[8]= [7,8]

mg[a]= [1,4,9]
mg[b]= [1,3,5,7,9]
mg[c]= [1,2,5,6,7,8]
mg[d]= [3,4,6,7,9]
mg[e]= [1,2,4,5,6]
mg[f]= [1,3]
mg[g]= [1,2,3,4,5,6,9]
mg[h]= [2,3,4,5,6,8]
mg[i]= [2,5,7,8,9]

Partial 17, parinte 12, total 28, active 13. ESEC nr: 4

712345-98
38-2----4
--5--6---
128739645
-5-----8-
----8--79
---1--4--
8----7-31
-7--9---6

ml[0]= [6]
ml[1]= [1,5,6,7,9]
ml[2]= [1,2,3,4,7,8,9]
ml[3]= []
ml[4]= [1,2,3,4,6,7,9]
ml[5]= [1,2,3,4,5,6]
ml[6]= [2,3,5,6,7,8,9]
ml[7]= [2,4,5,6,9]
ml[8]= [1,2,3,4,5,8]

mc[0]= [2,4,5,6,9]
mc[1]= [3,4,6,9]
mc[2]= [1,3,4,6,7,9]
mc[3]= [4,5,6,8,9]
mc[4]= [1,2,5,6,7]
mc[5]= [1,2,3,4,8]
mc[6]= [1,2,3,5,7,8,9]
mc[7]= [1,2,5,6]
mc[8]= [2,3,7]

mg[a]= [4,6,9]
mg[b]= [1,7,8,9]
mg[c]= [1,2,3,5,6,7]
mg[d]= [3,4,6,7,9]
mg[e]= [1,2,4,5,6]
mg[f]= [1,2,3]
mg[g]= [1,2,3,4,5,6,9]
mg[h]= [2,3,4,5,6,8]
mg[i]= [2,5,7,8,9]

Partial 18, parinte 12, total 28, active 12. ESEC nr: 5

712543-98
38-2----4
--5--6---
128739645
-5-----8-
----8--79
---1--4--
8----7-31
-7--9---6

ml[0]= [6]
ml[1]= [1,5,6,7,9]
ml[2]= [1,2,3,4,7,8,9]
ml[3]= []
ml[4]= [1,2,3,4,6,7,9]
ml[5]= [1,2,3,4,5,6]
ml[6]= [2,3,5,6,7,8,9]
ml[7]= [2,4,5,6,9]
ml[8]= [1,2,3,4,5,8]

mc[0]= [2,4,5,6,9]
mc[1]= [3,4,6,9]
mc[2]= [1,3,4,6,7,9]
mc[3]= [3,4,6,8,9]
mc[4]= [1,2,5,6,7]
mc[5]= [1,2,4,5,8]
mc[6]= [1,2,3,5,7,8,9]
mc[7]= [1,2,5,6]
mc[8]= [2,3,7]

mg[a]= [4,6,9]
mg[b]= [1,7,8,9]
mg[c]= [1,2,3,5,6,7]
mg[d]= [3,4,6,7,9]
mg[e]= [1,2,4,5,6]
mg[f]= [1,2,3]
mg[g]= [1,2,3,4,5,6,9]
mg[h]= [2,3,4,5,6,8]
mg[i]= [2,5,7,8,9]

Partial 19, parinte 11, total 28, active 11. ESEC nr: 6

712548-93
38-2----4
--5--6---
128739645
-5-----82
----8--79
---1--4--
8----7-31
-7--9---6

ml[0]= [6]
ml[1]= [1,5,6,7,9]
ml[2]= [1,2,3,4,7,8,9]
ml[3]= []
ml[4]= [1,3,4,6,7,9]
ml[5]= [1,2,3,4,5,6]
ml[6]= [2,3,5,6,7,8,9]
ml[7]= [2,4,5,6,9]
ml[8]= [1,2,3,4,5,8]

mc[0]= [2,4,5,6,9]
mc[1]= [3,4,6,9]
mc[2]= [1,3,4,6,7,9]
mc[3]= [3,4,6,8,9]
mc[4]= [1,2,5,6,7]
mc[5]= [1,2,3,4,5]
mc[6]= [1,2,3,5,7,8,9]
mc[7]= [1,2,5,6]
mc[8]= [7,8]

mg[a]= [4,6,9]
mg[b]= [1,3,7,9]
mg[c]= [1,2,5,6,7,8]
mg[d]= [3,4,6,7,9]
mg[e]= [1,2,4,5,6]
mg[f]= [1,3]
mg[g]= [1,2,3,4,5,6,9]
mg[h]= [2,3,4,5,6,8]
mg[i]= [2,5,7,8,9]

Partial 21, parinte 13, total 28, active 10. ESEC nr: 7

762341598
38-275--4
--5--6---
128739645
-5-----8-
----8--79
---1--4--
8----7-31
-7--9---6

ml[0]= []
ml[1]= [1,6,9]
ml[2]= [1,2,3,4,7,8,9]
ml[3]= []
ml[4]= [1,2,3,4,6,7,9]
ml[5]= [1,2,3,4,5,6]
ml[6]= [2,3,5,6,7,8,9]
ml[7]= [2,4,5,6,9]
ml[8]= [1,2,3,4,5,8]

mc[0]= [2,4,5,6,9]
mc[1]= [1,3,4,9]
mc[2]= [1,3,4,6,7,9]
mc[3]= [4,5,6,8,9]
mc[4]= [1,2,5,6]
mc[5]= [2,3,4,8]
mc[6]= [1,2,3,7,8,9]
mc[7]= [1,2,5,6]
mc[8]= [2,3,7]

mg[a]= [1,4,9]
mg[b]= [8,9]
mg[c]= [1,2,3,6,7]
mg[d]= [3,4,6,7,9]
mg[e]= [1,2,4,5,6]
mg[f]= [1,2,3]
mg[g]= [1,2,3,4,5,6,9]
mg[h]= [2,3,4,5,6,8]
mg[i]= [2,5,7,8,9]

Partial 22, parinte 13, total 28, active 9. ESEC nr: 8

762345198
389271--4
--5--6---
128739645
-5-----8-
----8--79
---1--4--
8----7-31
-7--9---6

ml[0]= []
ml[1]= [5,6]
ml[2]= [1,2,3,4,7,8,9]
ml[3]= []
ml[4]= [1,2,3,4,6,7,9]
ml[5]= [1,2,3,4,5,6]
ml[6]= [2,3,5,6,7,8,9]
ml[7]= [2,4,5,6,9]
ml[8]= [1,2,3,4,5,8]

mc[0]= [2,4,5,6,9]
mc[1]= [1,3,4,9]
mc[2]= [1,3,4,6,7]
mc[3]= [4,5,6,8,9]
mc[4]= [1,2,5,6]
mc[5]= [2,3,4,8]
mc[6]= [2,3,5,7,8,9]
mc[7]= [1,2,5,6]
mc[8]= [2,3,7]

mg[a]= [1,4]
mg[b]= [8,9]
mg[c]= [2,3,5,6,7]
mg[d]= [3,4,6,7,9]
mg[e]= [1,2,4,5,6]
mg[f]= [1,2,3]
mg[g]= [1,2,3,4,5,6,9]
mg[h]= [2,3,4,5,6,8]
mg[i]= [2,5,7,8,9]

Partial 23, parinte 9, total 30, active 10. Ramificare in (4,2) cu [4,7]

716348592
389215764
245976318
128739645
-5-----83
----8--79
---1--4-7
8----7-31
-7--9---6

ml[0]= []
ml[1]= []
ml[2]= []
ml[3]= []
ml[4]= [1,2,4,6,7,9]
ml[5]= [1,2,3,4,5,6]
ml[6]= [2,3,5,6,8,9]
ml[7]= [2,4,5,6,9]
ml[8]= [1,2,3,4,5,8]

mc[0]= [4,5,6,9]
mc[1]= [3,6,9]
mc[2]= [1,2,3,4,7]
mc[3]= [4,5,6,8]
mc[4]= [2,5,6]
mc[5]= [1,2,3,4]
mc[6]= [1,2,8,9]
mc[7]= [2,5]
mc[8]= []

mg[a]= []
mg[b]= []
mg[c]= []
mg[d]= [3,4,6,7,9]
mg[e]= [1,2,4,5,6]
mg[f]= [1,2]
mg[g]= [1,2,3,4,5,6,9]
mg[h]= [2,3,4,5,6,8]
mg[i]= [2,5,8,9]

Partial 27, parinte 16, total 30, active 9. ESEC nr: 9

762841593
38-275--4
--5--6---
128739645
-5-----82
----8--79
---1--4--
8----7-31
-7--9---6

ml[0]= []
ml[1]= [1,6,9]
ml[2]= [1,2,3,4,7,8,9]
ml[3]= []
ml[4]= [1,3,4,6,7,9]
ml[5]= [1,2,3,4,5,6]
ml[6]= [2,3,5,6,7,8,9]
ml[7]= [2,4,5,6,9]
ml[8]= [1,2,3,4,5,8]

mc[0]= [2,4,5,6,9]
mc[1]= [1,3,4,9]
mc[2]= [1,3,4,6,7,9]
mc[3]= [3,4,5,6,9]
mc[4]= [1,2,5,6]
mc[5]= [2,3,4,8]
mc[6]= [1,2,3,7,8,9]
mc[7]= [1,2,5,6]
mc[8]= [7,8]

mg[a]= [1,4,9]
mg[b]= [3,9]
mg[c]= [1,2,6,7,8]
mg[d]= [3,4,6,7,9]
mg[e]= [1,2,4,5,6]
mg[f]= [1,3]
mg[g]= [1,2,3,4,5,6,9]
mg[h]= [2,3,4,5,6,8]
mg[i]= [2,5,7,8,9]

Partial 28, parinte 16, total 30, active 8. ESEC nr: 10

762845193
389271--4
--5--6---
128739645
-5-----82
----8--79
---1--4--
8----7-31
-7--9---6

ml[0]= []
ml[1]= [5,6]
ml[2]= [1,2,3,4,7,8,9]
ml[3]= []
ml[4]= [1,3,4,6,7,9]
ml[5]= [1,2,3,4,5,6]
ml[6]= [2,3,5,6,7,8,9]
ml[7]= [2,4,5,6,9]
ml[8]= [1,2,3,4,5,8]

mc[0]= [2,4,5,6,9]
mc[1]= [1,3,4,9]
mc[2]= [1,3,4,6,7]
mc[3]= [3,4,5,6,9]
mc[4]= [1,2,5,6]
mc[5]= [2,3,4,8]
mc[6]= [2,3,5,7,8,9]
mc[7]= [1,2,5,6]
mc[8]= [7,8]

mg[a]= [1,4]
mg[b]= [3,9]
mg[c]= [2,5,6,7,8]
mg[d]= [3,4,6,7,9]
mg[e]= [1,2,4,5,6]
mg[f]= [1,3]
mg[g]= [1,2,3,4,5,6,9]
mg[h]= [2,3,4,5,6,8]
mg[i]= [2,5,7,8,9]

Partial 25, parinte 10, total 32, active 9. Ramificare in (4,2) cu [4,7]

716348592
389251764
245976318
128739645
-5-----83
----8--79
---1--4-7
8----7-31
-7--9---6

ml[0]= []
ml[1]= []
ml[2]= []
ml[3]= []
ml[4]= [1,2,4,6,7,9]
ml[5]= [1,2,3,4,5,6]
ml[6]= [2,3,5,6,8,9]
ml[7]= [2,4,5,6,9]
ml[8]= [1,2,3,4,5,8]

mc[0]= [4,5,6,9]
mc[1]= [3,6,9]
mc[2]= [1,2,3,4,7]
mc[3]= [4,5,6,8]
mc[4]= [1,2,6]
mc[5]= [2,3,4,5]
mc[6]= [1,2,8,9]
mc[7]= [2,5]
mc[8]= []

mg[a]= []
mg[b]= []
mg[c]= []
mg[d]= [3,4,6,7,9]
mg[e]= [1,2,4,5,6]
mg[f]= [1,2]
mg[g]= [1,2,3,4,5,6,9]
mg[h]= [2,3,4,5,6,8]
mg[i]= [2,5,8,9]

Partial 20, parinte 11, total 32, active 8. ESEC nr: 11

712845-93
38-2----4
--5--6---
128739645
-5-----82
----8--79
---1--4--
8----7-31
-7--9---6

ml[0]= [6]
ml[1]= [1,5,6,7,9]
ml[2]= [1,2,3,4,7,8,9]
ml[3]= []
ml[4]= [1,3,4,6,7,9]
ml[5]= [1,2,3,4,5,6]
ml[6]= [2,3,5,6,7,8,9]
ml[7]= [2,4,5,6,9]
ml[8]= [1,2,3,4,5,8]

mc[0]= [2,4,5,6,9]
mc[1]= [3,4,6,9]
mc[2]= [1,3,4,6,7,9]
mc[3]= [3,4,5,6,9]
mc[4]= [1,2,5,6,7]
mc[5]= [1,2,3,4,8]
mc[6]= [1,2,3,5,7,8,9]
mc[7]= [1,2,5,6]
mc[8]= [7,8]

mg[a]= [4,6,9]
mg[b]= [1,3,7,9]
mg[c]= [1,2,5,6,7,8]
mg[d]= [3,4,6,7,9]
mg[e]= [1,2,4,5,6]
mg[f]= [1,3]
mg[g]= [1,2,3,4,5,6,9]
mg[h]= [2,3,4,5,6,8]
mg[i]= [2,5,7,8,9]

Partial 26, parinte 10, total 34, active 9. Ramificare in (4,2) cu [4,7]

716843592
389251764
245976318
128739645
-5-----83
----8--79
---1--4-7
8----7-31
-7--9---6

ml[0]= []
ml[1]= []
ml[2]= []
ml[3]= []
ml[4]= [1,2,4,6,7,9]
ml[5]= [1,2,3,4,5,6]
ml[6]= [2,3,5,6,8,9]
ml[7]= [2,4,5,6,9]
ml[8]= [1,2,3,4,5,8]

mc[0]= [4,5,6,9]
mc[1]= [3,6,9]
mc[2]= [1,2,3,4,7]
mc[3]= [3,4,5,6]
mc[4]= [1,2,6]
mc[5]= [2,4,5,8]
mc[6]= [1,2,8,9]
mc[7]= [2,5]
mc[8]= []

mg[a]= []
mg[b]= []
mg[c]= []
mg[d]= [3,4,6,7,9]
mg[e]= [1,2,4,5,6]
mg[f]= [1,2]
mg[g]= [1,2,3,4,5,6,9]
mg[h]= [2,3,4,5,6,8]
mg[i]= [2,5,8,9]

Partial 31, parinte 25, total 34, active 8. ESEC nr: 12

716348592
389251764
245976318
128739645
954612-83
----8--79
---1--4-7
8----7-31
-7--9---6

ml[0]= []
ml[1]= []
ml[2]= []
ml[3]= []
ml[4]= [7]
ml[5]= [1,2,3,4,5,6]
ml[6]= [2,3,5,6,8,9]
ml[7]= [2,4,5,6,9]
ml[8]= [1,2,3,4,5,8]

mc[0]= [4,5,6]
mc[1]= [3,6,9]
mc[2]= [1,2,3,7]
mc[3]= [4,5,8]
mc[4]= [2,6]
mc[5]= [3,4,5]
mc[6]= [1,2,8,9]
mc[7]= [2,5]
mc[8]= []

mg[a]= []
mg[b]= []
mg[c]= []
mg[d]= [3,6,7]
mg[e]= [4,5]
mg[f]= [1,2]
mg[g]= [1,2,3,4,5,6,9]
mg[h]= [2,3,4,5,6,8]
mg[i]= [2,5,8,9]

Partial 29, parinte 23, total 35, active 9. ESEC nr: 13

716348592
389215764
245976318
128739645
954621-83
----8--79
---1--4-7
8----7-31
-7--9---6

ml[0]= []
ml[1]= []
ml[2]= []
ml[3]= []
ml[4]= [7]
ml[5]= [1,2,3,4,5,6]
ml[6]= [2,3,5,6,8,9]
ml[7]= [2,4,5,6,9]
ml[8]= [1,2,3,4,5,8]

mc[0]= [4,5,6]
mc[1]= [3,6,9]
mc[2]= [1,2,3,7]
mc[3]= [4,5,8]
mc[4]= [5,6]
mc[5]= [2,3,4]
mc[6]= [1,2,8,9]
mc[7]= [2,5]
mc[8]= []

mg[a]= []
mg[b]= []
mg[c]= []
mg[d]= [3,6,7]
mg[e]= [4,5]
mg[f]= [1,2]
mg[g]= [1,2,3,4,5,6,9]
mg[h]= [2,3,4,5,6,8]
mg[i]= [2,5,8,9]

Partial 33, parinte 26, total 37, active 12. ESEC nr: 14

716843592
389251764
245976318
128739645
954612-83
----8--79
---1--4-7
8----7-31
-7--9---6

ml[0]= []
ml[1]= []
ml[2]= []
ml[3]= []
ml[4]= [7]
ml[5]= [1,2,3,4,5,6]
ml[6]= [2,3,5,6,8,9]
ml[7]= [2,4,5,6,9]
ml[8]= [1,2,3,4,5,8]

mc[0]= [4,5,6]
mc[1]= [3,6,9]
mc[2]= [1,2,3,7]
mc[3]= [3,4,5]
mc[4]= [2,6]
mc[5]= [4,5,8]
mc[6]= [1,2,8,9]
mc[7]= [2,5]
mc[8]= []

mg[a]= []
mg[b]= []
mg[c]= []
mg[d]= [3,6,7]
mg[e]= [4,5]
mg[f]= [1,2]
mg[g]= [1,2,3,4,5,6,9]
mg[h]= [2,3,4,5,6,8]
mg[i]= [2,5,8,9]

Partial 30, parinte 23, total 39, active 11. Ramificare in (4,3) cu [4,6]

716348592
389215764
245976318
128739645
-57----83
----8--79
---1--4-7
8----7-31
-7--9---6

ml[0]= []
ml[1]= []
ml[2]= []
ml[3]= []
ml[4]= [1,2,4,6,9]
ml[5]= [1,2,3,4,5,6]
ml[6]= [2,3,5,6,8,9]
ml[7]= [2,4,5,6,9]
ml[8]= [1,2,3,4,5,8]

mc[0]= [4,5,6,9]
mc[1]= [3,6,9]
mc[2]= [1,2,3,4]
mc[3]= [4,5,6,8]
mc[4]= [2,5,6]
mc[5]= [1,2,3,4]
mc[6]= [1,2,8,9]
mc[7]= [2,5]
mc[8]= []

mg[a]= []
mg[b]= []
mg[c]= []
mg[d]= [3,4,6,9]
mg[e]= [1,2,4,5,6]
mg[f]= [1,2]
mg[g]= [1,2,3,4,5,6,9]
mg[h]= [2,3,4,5,6,8]
mg[i]= [2,5,8,9]

Partial 34, parinte 26, total 39, active 10. Ramificare in (4,3) cu [4,6]

716843592
389251764
245976318
128739645
-57----83
----8--79
---1--4-7
8----7-31
-7--9---6

ml[0]= []
ml[1]= []
ml[2]= []
ml[3]= []
ml[4]= [1,2,4,6,9]
ml[5]= [1,2,3,4,5,6]
ml[6]= [2,3,5,6,8,9]
ml[7]= [2,4,5,6,9]
ml[8]= [1,2,3,4,5,8]

mc[0]= [4,5,6,9]
mc[1]= [3,6,9]
mc[2]= [1,2,3,4]
mc[3]= [3,4,5,6]
mc[4]= [1,2,6]
mc[5]= [2,4,5,8]
mc[6]= [1,2,8,9]
mc[7]= [2,5]
mc[8]= []

mg[a]= []
mg[b]= []
mg[c]= []
mg[d]= [3,4,6,9]
mg[e]= [1,2,4,5,6]
mg[f]= [1,2]
mg[g]= [1,2,3,4,5,6,9]
mg[h]= [2,3,4,5,6,8]
mg[i]= [2,5,8,9]

Partial 9, parinte 6, total 39, active 9. Ramificare in (0,3) cu [3,8]

716-4--9-
389215764
245-76-1-
128739645
-5-----8-
----8--79
---1--4--
8----7-31
-7--9---6

ml[0]= [2,3,5,8]
ml[1]= []
ml[2]= [3,8,9]
ml[3]= []
ml[4]= [1,2,3,4,6,7,9]
ml[5]= [1,2,3,4,5,6]
ml[6]= [2,3,5,6,7,8,9]
ml[7]= [2,4,5,6,9]
ml[8]= [1,2,3,4,5,8]

mc[0]= [4,5,6,9]
mc[1]= [3,6,9]
mc[2]= [1,2,3,4,7]
mc[3]= [3,4,5,6,8,9]
mc[4]= [2,5,6]
mc[5]= [1,2,3,4,8]
mc[6]= [1,2,3,5,8,9]
mc[7]= [2,5]
mc[8]= [2,3,7,8]

mg[a]= []
mg[b]= [3,8,9]
mg[c]= [2,3,5,8]
mg[d]= [3,4,6,7,9]
mg[e]= [1,2,4,5,6]
mg[f]= [1,2,3]
mg[g]= [1,2,3,4,5,6,9]
mg[h]= [2,3,4,5,6,8]
mg[i]= [2,5,7,8,9]

Partial 24, parinte 9, total 41, active 10. Ramificare in (4,2) cu [4,7]

716843592
389215764
245976318
128739645
-5-----83
----8--79
---1--4-7
8----7-31
-7--9---6

ml[0]= []
ml[1]= []
ml[2]= []
ml[3]= []
ml[4]= [1,2,4,6,7,9]
ml[5]= [1,2,3,4,5,6]
ml[6]= [2,3,5,6,8,9]
ml[7]= [2,4,5,6,9]
ml[8]= [1,2,3,4,5,8]

mc[0]= [4,5,6,9]
mc[1]= [3,6,9]
mc[2]= [1,2,3,4,7]
mc[3]= [3,4,5,6]
mc[4]= [2,5,6]
mc[5]= [1,2,4,8]
mc[6]= [1,2,8,9]
mc[7]= [2,5]
mc[8]= []

mg[a]= []
mg[b]= []
mg[c]= []
mg[d]= [3,4,6,7,9]
mg[e]= [1,2,4,5,6]
mg[f]= [1,2]
mg[g]= [1,2,3,4,5,6,9]
mg[h]= [2,3,4,5,6,8]
mg[i]= [2,5,8,9]

Partial 32, parinte 25, total 42, active 9. Ramificare in (4,3) cu [4,6]

716348592
389251764
245976318
128739645
-57----83
----8--79
---1--4-7
8----7-31
-7--9---6

ml[0]= []
ml[1]= []
ml[2]= []
ml[3]= []
ml[4]= [1,2,4,6,9]
ml[5]= [1,2,3,4,5,6]
ml[6]= [2,3,5,6,8,9]
ml[7]= [2,4,5,6,9]
ml[8]= [1,2,3,4,5,8]

mc[0]= [4,5,6,9]
mc[1]= [3,6,9]
mc[2]= [1,2,3,4]
mc[3]= [4,5,6,8]
mc[4]= [1,2,6]
mc[5]= [2,3,4,5]
mc[6]= [1,2,8,9]
mc[7]= [2,5]
mc[8]= []

mg[a]= []
mg[b]= []
mg[c]= []
mg[d]= [3,4,6,9]
mg[e]= [1,2,4,5,6]
mg[f]= [1,2]
mg[g]= [1,2,3,4,5,6,9]
mg[h]= [2,3,4,5,6,8]
mg[i]= [2,5,8,9]

Partial 36, parinte 34, total 42, active 8. ESEC nr: 15

716843592
389251764
245976318
128739645
957462183
---58--79
---1--4-7
8----7-31
-7--9---6

ml[0]= []
ml[1]= []
ml[2]= []
ml[3]= []
ml[4]= []
ml[5]= [1,2,3,4,6]
ml[6]= [2,3,5,6,8,9]
ml[7]= [2,4,5,6,9]
ml[8]= [1,2,3,4,5,8]

mc[0]= [4,5,6]
mc[1]= [3,6,9]
mc[2]= [1,2,3,4]
mc[3]= [3,6]
mc[4]= [1,2]
mc[5]= [4,5,8]
mc[6]= [2,8,9]
mc[7]= [2,5]
mc[8]= []

mg[a]= []
mg[b]= []
mg[c]= []
mg[d]= [3,4,6]
mg[e]= [1]
mg[f]= [2]
mg[g]= [1,2,3,4,5,6,9]
mg[h]= [2,3,4,5,6,8]
mg[i]= [2,5,8,9]

Partial 38, parinte 30, total 42, active 7. ESEC nr: 16

716348592
389215764
245976318
128739645
957624183
634581279
5931624-7
8-24-7-31
-7--9---6

ml[0]= []
ml[1]= []
ml[2]= []
ml[3]= []
ml[4]= []
ml[5]= []
ml[6]= [8]
ml[7]= [5,6,9]
ml[8]= [1,2,3,4,5,8]

mc[0]= [4]
mc[1]= [6]
mc[2]= [1]
mc[3]= [8]
mc[4]= [5]
mc[5]= [3]
mc[6]= [8,9]
mc[7]= [2,5]
mc[8]= []

mg[a]= []
mg[b]= []
mg[c]= []
mg[d]= []
mg[e]= []
mg[f]= []
mg[g]= [1,4,6]
mg[h]= [3,5,8]
mg[i]= [2,5,8,9]

Partial 39, parinte 34, total 44, active 8. Ramificare in (4,0) cu [4,9]

716843592
389251764
245976318
128739645
-576---83
----8--79
---1--4-7
8----7-31
-7--9---6

ml[0]= []
ml[1]= []
ml[2]= []
ml[3]= []
ml[4]= [1,2,4,9]
ml[5]= [1,2,3,4,5,6]
ml[6]= [2,3,5,6,8,9]
ml[7]= [2,4,5,6,9]
ml[8]= [1,2,3,4,5,8]

mc[0]= [4,5,6,9]
mc[1]= [3,6,9]
mc[2]= [1,2,3,4]
mc[3]= [3,4,5]
mc[4]= [1,2,6]
mc[5]= [2,4,5,8]
mc[6]= [1,2,8,9]
mc[7]= [2,5]
mc[8]= []

mg[a]= []
mg[b]= []
mg[c]= []
mg[d]= [3,4,6,9]
mg[e]= [1,2,4,5]
mg[f]= [1,2]
mg[g]= [1,2,3,4,5,6,9]
mg[h]= [2,3,4,5,6,8]
mg[i]= [2,5,8,9]

Partial 41, parinte 24, total 46, active 9. Ramificare in (4,3) cu [4,6]

716843592
389215764
245976318
128739645
-57----83
----8--79
---1--4-7
8----7-31
-7--9---6

ml[0]= []
ml[1]= []
ml[2]= []
ml[3]= []
ml[4]= [1,2,4,6,9]
ml[5]= [1,2,3,4,5,6]
ml[6]= [2,3,5,6,8,9]
ml[7]= [2,4,5,6,9]
ml[8]= [1,2,3,4,5,8]

mc[0]= [4,5,6,9]
mc[1]= [3,6,9]
mc[2]= [1,2,3,4]
mc[3]= [3,4,5,6]
mc[4]= [2,5,6]
mc[5]= [1,2,4,8]
mc[6]= [1,2,8,9]
mc[7]= [2,5]
mc[8]= []

mg[a]= []
mg[b]= []
mg[c]= []
mg[d]= [3,4,6,9]
mg[e]= [1,2,4,5,6]
mg[f]= [1,2]
mg[g]= [1,2,3,4,5,6,9]
mg[h]= [2,3,4,5,6,8]
mg[i]= [2,5,8,9]

Partial 40, parinte 24, total 46, active 8. ESEC nr: 17

716843592
389215764
245976318
128739645
954621-83
----8--79
---1--4-7
8----7-31
-7--9---6

ml[0]= []
ml[1]= []
ml[2]= []
ml[3]= []
ml[4]= [7]
ml[5]= [1,2,3,4,5,6]
ml[6]= [2,3,5,6,8,9]
ml[7]= [2,4,5,6,9]
ml[8]= [1,2,3,4,5,8]

mc[0]= [4,5,6]
mc[1]= [3,6,9]
mc[2]= [1,2,3,7]
mc[3]= [3,4,5]
mc[4]= [5,6]
mc[5]= [2,4,8]
mc[6]= [1,2,8,9]
mc[7]= [2,5]
mc[8]= []

mg[a]= []
mg[b]= []
mg[c]= []
mg[d]= [3,6,7]
mg[e]= [4,5]
mg[f]= [1,2]
mg[g]= [1,2,3,4,5,6,9]
mg[h]= [2,3,4,5,6,8]
mg[i]= [2,5,8,9]

Partial 35, parinte 32, total 46, active 7. ESEC nr: 18

716348592
389251764
245976318
128739645
957462183
---58--79
---1--4-7
8----7-31
-7--9---6

ml[0]= []
ml[1]= []
ml[2]= []
ml[3]= []
ml[4]= []
ml[5]= [1,2,3,4,6]
ml[6]= [2,3,5,6,8,9]
ml[7]= [2,4,5,6,9]
ml[8]= [1,2,3,4,5,8]

mc[0]= [4,5,6]
mc[1]= [3,6,9]
mc[2]= [1,2,3,4]
mc[3]= [6,8]
mc[4]= [1,2]
mc[5]= [3,4,5]
mc[6]= [2,8,9]
mc[7]= [2,5]
mc[8]= []

mg[a]= []
mg[b]= []
mg[c]= []
mg[d]= [3,4,6]
mg[e]= [1]
mg[f]= [2]
mg[g]= [1,2,3,4,5,6,9]
mg[h]= [2,3,4,5,6,8]
mg[i]= [2,5,8,9]

Partial 37, parinte 30, total 48, active 8. Ramificare in (4,0) cu [6,9]

716348592
389215764
245976318
128739645
-574---83
----8--79
---1--4-7
8----7-31
-7--9---6

ml[0]= []
ml[1]= []
ml[2]= []
ml[3]= []
ml[4]= [1,2,6,9]
ml[5]= [1,2,3,4,5,6]
ml[6]= [2,3,5,6,8,9]
ml[7]= [2,4,5,6,9]
ml[8]= [1,2,3,4,5,8]

mc[0]= [4,5,6,9]
mc[1]= [3,6,9]
mc[2]= [1,2,3,4]
mc[3]= [5,6,8]
mc[4]= [2,5,6]
mc[5]= [1,2,3,4]
mc[6]= [1,2,8,9]
mc[7]= [2,5]
mc[8]= []

mg[a]= []
mg[b]= []
mg[c]= []
mg[d]= [3,4,6,9]
mg[e]= [1,2,5,6]
mg[f]= [1,2]
mg[g]= [1,2,3,4,5,6,9]
mg[h]= [2,3,4,5,6,8]
mg[i]= [2,5,8,9]

Partial 42, parinte 32, total 50, active 9. Ramificare in (4,0) cu [4,9]

716348592
389251764
245976318
128739645
-576---83
----8--79
---1--4-7
8----7-31
-7--9---6

ml[0]= []
ml[1]= []
ml[2]= []
ml[3]= []
ml[4]= [1,2,4,9]
ml[5]= [1,2,3,4,5,6]
ml[6]= [2,3,5,6,8,9]
ml[7]= [2,4,5,6,9]
ml[8]= [1,2,3,4,5,8]

mc[0]= [4,5,6,9]
mc[1]= [3,6,9]
mc[2]= [1,2,3,4]
mc[3]= [4,5,8]
mc[4]= [1,2,6]
mc[5]= [2,3,4,5]
mc[6]= [1,2,8,9]
mc[7]= [2,5]
mc[8]= []

mg[a]= []
mg[b]= []
mg[c]= []
mg[d]= [3,4,6,9]
mg[e]= [1,2,4,5]
mg[f]= [1,2]
mg[g]= [1,2,3,4,5,6,9]
mg[h]= [2,3,4,5,6,8]
mg[i]= [2,5,8,9]

Partial 43, parinte 39, total 50, active 8. ESEC nr: 19

716843592
389251764
245976318
128739645
457612-83
----8--79
---1--4-7
8----7-31
-7--9---6

ml[0]= []
ml[1]= []
ml[2]= []
ml[3]= []
ml[4]= [9]
ml[5]= [1,2,3,4,5,6]
ml[6]= [2,3,5,6,8,9]
ml[7]= [2,4,5,6,9]
ml[8]= [1,2,3,4,5,8]

mc[0]= [5,6,9]
mc[1]= [3,6,9]
mc[2]= [1,2,3,4]
mc[3]= [3,4,5]
mc[4]= [2,6]
mc[5]= [4,5,8]
mc[6]= [1,2,8,9]
mc[7]= [2,5]
mc[8]= []

mg[a]= []
mg[b]= []
mg[c]= []
mg[d]= [3,6,9]
mg[e]= [4,5]
mg[f]= [1,2]
mg[g]= [1,2,3,4,5,6,9]
mg[h]= [2,3,4,5,6,8]
mg[i]= [2,5,8,9]

Partial 45, parinte 41, total 52, active 9. Ramificare in (4,0) cu [6,9]

716843592
389215764
245976318
128739645
-574---83
----8--79
---1--4-7
8----7-31
-7--9---6

ml[0]= []
ml[1]= []
ml[2]= []
ml[3]= []
ml[4]= [1,2,6,9]
ml[5]= [1,2,3,4,5,6]
ml[6]= [2,3,5,6,8,9]
ml[7]= [2,4,5,6,9]
ml[8]= [1,2,3,4,5,8]

mc[0]= [4,5,6,9]
mc[1]= [3,6,9]
mc[2]= [1,2,3,4]
mc[3]= [3,5,6]
mc[4]= [2,5,6]
mc[5]= [1,2,4,8]
mc[6]= [1,2,8,9]
mc[7]= [2,5]
mc[8]= []

mg[a]= []
mg[b]= []
mg[c]= []
mg[d]= [3,4,6,9]
mg[e]= [1,2,5,6]
mg[f]= [1,2]
mg[g]= [1,2,3,4,5,6,9]
mg[h]= [2,3,4,5,6,8]
mg[i]= [2,5,8,9]

Partial 46, parinte 41, total 52, active 8. SOLUTIA nr: 1

716843592
389215764
245976318
128739645
957624183
634581279
593168427
862457931
471392856

ml[0]= []
ml[1]= []
ml[2]= []
ml[3]= []
ml[4]= []
ml[5]= []
ml[6]= []
ml[7]= []
ml[8]= []

mc[0]= []
mc[1]= []
mc[2]= []
mc[3]= []
mc[4]= []
mc[5]= []
mc[6]= []
mc[7]= []
mc[8]= []

mg[a]= []
mg[b]= []
mg[c]= []
mg[d]= []
mg[e]= []
mg[f]= []
mg[g]= []
mg[h]= []
mg[i]= []

Partial 44, parinte 39, total 54, active 9. Ramificare in (4,4) cu [1,2]

716843592
389251764
245976318
128739645
9576---83
----8--79
---1--4-7
8----7-31
-7--9---6

ml[0]= []
ml[1]= []
ml[2]= []
ml[3]= []
ml[4]= [1,2,4]
ml[5]= [1,2,3,4,5,6]
ml[6]= [2,3,5,6,8,9]
ml[7]= [2,4,5,6,9]
ml[8]= [1,2,3,4,5,8]

mc[0]= [4,5,6]
mc[1]= [3,6,9]
mc[2]= [1,2,3,4]
mc[3]= [3,4,5]
mc[4]= [1,2,6]
mc[5]= [2,4,5,8]
mc[6]= [1,2,8,9]
mc[7]= [2,5]
mc[8]= []

mg[a]= []
mg[b]= []
mg[c]= []
mg[d]= [3,4,6]
mg[e]= [1,2,4,5]
mg[f]= [1,2]
mg[g]= [1,2,3,4,5,6,9]
mg[h]= [2,3,4,5,6,8]
mg[i]= [2,5,8,9]

Partial 47, parinte 37, total 54, active 8. ESEC nr: 20

716348592
389215764
245976318
128739645
657421-83
----8--79
---1--4-7
8----7-31
-7--9---6

ml[0]= []
ml[1]= []
ml[2]= []
ml[3]= []
ml[4]= [9]
ml[5]= [1,2,3,4,5,6]
ml[6]= [2,3,5,6,8,9]
ml[7]= [2,4,5,6,9]
ml[8]= [1,2,3,4,5,8]

mc[0]= [4,5,9]
mc[1]= [3,6,9]
mc[2]= [1,2,3,4]
mc[3]= [5,6,8]
mc[4]= [5,6]
mc[5]= [2,3,4]
mc[6]= [1,2,8,9]
mc[7]= [2,5]
mc[8]= []

mg[a]= []
mg[b]= []
mg[c]= []
mg[d]= [3,4,9]
mg[e]= [5,6]
mg[f]= [1,2]
mg[g]= [1,2,3,4,5,6,9]
mg[h]= [2,3,4,5,6,8]
mg[i]= [2,5,8,9]

Partial 48, parinte 37, total 56, active 9. Ramificare in (4,4) cu [2,6]

716348592
389215764
245976318
128739645
9574---83
----8--79
---1--4-7
8----7-31
-7--9---6

ml[0]= []
ml[1]= []
ml[2]= []
ml[3]= []
ml[4]= [1,2,6]
ml[5]= [1,2,3,4,5,6]
ml[6]= [2,3,5,6,8,9]
ml[7]= [2,4,5,6,9]
ml[8]= [1,2,3,4,5,8]

mc[0]= [4,5,6]
mc[1]= [3,6,9]
mc[2]= [1,2,3,4]
mc[3]= [5,6,8]
mc[4]= [2,5,6]
mc[5]= [1,2,3,4]
mc[6]= [1,2,8,9]
mc[7]= [2,5]
mc[8]= []

mg[a]= []
mg[b]= []
mg[c]= []
mg[d]= [3,4,6]
mg[e]= [1,2,5,6]
mg[f]= [1,2]
mg[g]= [1,2,3,4,5,6,9]
mg[h]= [2,3,4,5,6,8]
mg[i]= [2,5,8,9]

Partial 49, parinte 42, total 56, active 8. ESEC nr: 21

716348592
389251764
245976318
128739645
457612-83
----8--79
---1--4-7
8----7-31
-7--9---6

ml[0]= []
ml[1]= []
ml[2]= []
ml[3]= []
ml[4]= [9]
ml[5]= [1,2,3,4,5,6]
ml[6]= [2,3,5,6,8,9]
ml[7]= [2,4,5,6,9]
ml[8]= [1,2,3,4,5,8]

mc[0]= [5,6,9]
mc[1]= [3,6,9]
mc[2]= [1,2,3,4]
mc[3]= [4,5,8]
mc[4]= [2,6]
mc[5]= [3,4,5]
mc[6]= [1,2,8,9]
mc[7]= [2,5]
mc[8]= []

mg[a]= []
mg[b]= []
mg[c]= []
mg[d]= [3,6,9]
mg[e]= [4,5]
mg[f]= [1,2]
mg[g]= [1,2,3,4,5,6,9]
mg[h]= [2,3,4,5,6,8]
mg[i]= [2,5,8,9]

Partial 50, parinte 42, total 58, active 9. Ramificare in (4,4) cu [1,2]

716348592
389251764
245976318
128739645
9576---83
----8--79
---1--4-7
8----7-31
-7--9---6

ml[0]= []
ml[1]= []
ml[2]= []
ml[3]= []
ml[4]= [1,2,4]
ml[5]= [1,2,3,4,5,6]
ml[6]= [2,3,5,6,8,9]
ml[7]= [2,4,5,6,9]
ml[8]= [1,2,3,4,5,8]

mc[0]= [4,5,6]
mc[1]= [3,6,9]
mc[2]= [1,2,3,4]
mc[3]= [4,5,8]
mc[4]= [1,2,6]
mc[5]= [2,3,4,5]
mc[6]= [1,2,8,9]
mc[7]= [2,5]
mc[8]= []

mg[a]= []
mg[b]= []
mg[c]= []
mg[d]= [3,4,6]
mg[e]= [1,2,4,5]
mg[f]= [1,2]
mg[g]= [1,2,3,4,5,6,9]
mg[h]= [2,3,4,5,6,8]
mg[i]= [2,5,8,9]

Partial 51, parinte 45, total 58, active 8. ESEC nr: 22

716843592
389215764
245976318
128739645
657421-83
----8--79
---1--4-7
8----7-31
-7--9---6

ml[0]= []
ml[1]= []
ml[2]= []
ml[3]= []
ml[4]= [9]
ml[5]= [1,2,3,4,5,6]
ml[6]= [2,3,5,6,8,9]
ml[7]= [2,4,5,6,9]
ml[8]= [1,2,3,4,5,8]

mc[0]= [4,5,9]
mc[1]= [3,6,9]
mc[2]= [1,2,3,4]
mc[3]= [3,5,6]
mc[4]= [5,6]
mc[5]= [2,4,8]
mc[6]= [1,2,8,9]
mc[7]= [2,5]
mc[8]= []

mg[a]= []
mg[b]= []
mg[c]= []
mg[d]= [3,4,9]
mg[e]= [5,6]
mg[f]= [1,2]
mg[g]= [1,2,3,4,5,6,9]
mg[h]= [2,3,4,5,6,8]
mg[i]= [2,5,8,9]

Partial 52, parinte 45, total 60, active 9. Ramificare in (4,4) cu [2,6]

716843592
389215764
245976318
128739645
9574---83
----8--79
---1--4-7
8----7-31
-7--9---6

ml[0]= []
ml[1]= []
ml[2]= []
ml[3]= []
ml[4]= [1,2,6]
ml[5]= [1,2,3,4,5,6]
ml[6]= [2,3,5,6,8,9]
ml[7]= [2,4,5,6,9]
ml[8]= [1,2,3,4,5,8]

mc[0]= [4,5,6]
mc[1]= [3,6,9]
mc[2]= [1,2,3,4]
mc[3]= [3,5,6]
mc[4]= [2,5,6]
mc[5]= [1,2,4,8]
mc[6]= [1,2,8,9]
mc[7]= [2,5]
mc[8]= []

mg[a]= []
mg[b]= []
mg[c]= []
mg[d]= [3,4,6]
mg[e]= [1,2,5,6]
mg[f]= [1,2]
mg[g]= [1,2,3,4,5,6,9]
mg[h]= [2,3,4,5,6,8]
mg[i]= [2,5,8,9]

Partial 53, parinte 44, total 60, active 8. ESEC nr: 23

716843592
389251764
245976318
128739645
957614283
634582179
5-3168427
8-24-7-31
-7--9---6

ml[0]= []
ml[1]= []
ml[2]= []
ml[3]= []
ml[4]= []
ml[5]= []
ml[6]= [9]
ml[7]= [5,6,9]
ml[8]= [1,2,3,4,5,8]

mc[0]= [4]
mc[1]= [6,9]
mc[2]= [1]
mc[3]= [3]
mc[4]= [2]
mc[5]= [5]
mc[6]= [8,9]
mc[7]= [5]
mc[8]= []

mg[a]= []
mg[b]= []
mg[c]= []
mg[d]= []
mg[e]= []
mg[f]= []
mg[g]= [1,4,6,9]
mg[h]= [2,3,5]
mg[i]= [5,8,9]

Partial 54, parinte 44, total 60, active 7. ESEC nr: 24

716843592
389251764
245976318
128739645
957624183
---58--79
---1--4-7
8----7-31
-7--9---6

ml[0]= []
ml[1]= []
ml[2]= []
ml[3]= []
ml[4]= []
ml[5]= [1,2,3,4,6]
ml[6]= [2,3,5,6,8,9]
ml[7]= [2,4,5,6,9]
ml[8]= [1,2,3,4,5,8]

mc[0]= [4,5,6]
mc[1]= [3,6,9]
mc[2]= [1,2,3,4]
mc[3]= [3,4]
mc[4]= [1,6]
mc[5]= [2,5,8]
mc[6]= [2,8,9]
mc[7]= [2,5]
mc[8]= []

mg[a]= []
mg[b]= []
mg[c]= []
mg[d]= [3,4,6]
mg[e]= [1]
mg[f]= [2]
mg[g]= [1,2,3,4,5,6,9]
mg[h]= [2,3,4,5,6,8]
mg[i]= [2,5,8,9]

Partial 55, parinte 48, total 60, active 6. ESEC nr: 25

716348592
389215764
245976318
128739645
957421-83
----8--79
---1--4-7
8----7-31
-7--9---6

ml[0]= []
ml[1]= []
ml[2]= []
ml[3]= []
ml[4]= [6]
ml[5]= [1,2,3,4,5,6]
ml[6]= [2,3,5,6,8,9]
ml[7]= [2,4,5,6,9]
ml[8]= [1,2,3,4,5,8]

mc[0]= [4,5,6]
mc[1]= [3,6,9]
mc[2]= [1,2,3,4]
mc[3]= [5,6,8]
mc[4]= [5,6]
mc[5]= [2,3,4]
mc[6]= [1,2,8,9]
mc[7]= [2,5]
mc[8]= []

mg[a]= []
mg[b]= []
mg[c]= []
mg[d]= [3,4,6]
mg[e]= [5,6]
mg[f]= [1,2]
mg[g]= [1,2,3,4,5,6,9]
mg[h]= [2,3,4,5,6,8]
mg[i]= [2,5,8,9]

Partial 56, parinte 48, total 60, active 5. ESEC nr: 26

716348592
389215764
245976318
128739645
95746-183
---58--79
---1--4-7
89-6-7231
-7--9---6

ml[0]= []
ml[1]= []
ml[2]= []
ml[3]= []
ml[4]= [2]
ml[5]= [1,2,3,4,6]
ml[6]= [2,3,5,6,8,9]
ml[7]= [4,5]
ml[8]= [1,2,3,4,5,8]

mc[0]= [4,5,6]
mc[1]= [3,6]
mc[2]= [1,2,3,4]
mc[3]= [8]
mc[4]= [2,5]
mc[5]= [1,2,3,4]
mc[6]= [8,9]
mc[7]= [2,5]
mc[8]= []

mg[a]= []
mg[b]= []
mg[c]= []
mg[d]= [3,4,6]
mg[e]= [1,2]
mg[f]= [2]
mg[g]= [1,2,3,4,5,6]
mg[h]= [2,3,4,5,8]
mg[i]= [5,8,9]

Partial 57, parinte 50, total 60, active 4. ESEC nr: 27

716348592
389251764
245976318
128739645
957614283
634582179
5-31--4-7
8-24-7-31
-7--9---6

ml[0]= []
ml[1]= []
ml[2]= []
ml[3]= []
ml[4]= []
ml[5]= []
ml[6]= [2,6,8,9]
ml[7]= [5,6,9]
ml[8]= [1,2,3,4,5,8]

mc[0]= [4]
mc[1]= [6,9]
mc[2]= [1]
mc[3]= [8]
mc[4]= [2,6]
mc[5]= [3,5]
mc[6]= [8,9]
mc[7]= [2,5]
mc[8]= []

mg[a]= []
mg[b]= []
mg[c]= []
mg[d]= []
mg[e]= []
mg[f]= []
mg[g]= [1,4,6,9]
mg[h]= [2,3,5,6,8]
mg[i]= [2,5,8,9]

Partial 58, parinte 50, total 60, active 3. ESEC nr: 28

716348592
389251764
245976318
128739645
957624183
---58--79
---1--4-7
8----7-31
-7--9---6

ml[0]= []
ml[1]= []
ml[2]= []
ml[3]= []
ml[4]= []
ml[5]= [1,2,3,4,6]
ml[6]= [2,3,5,6,8,9]
ml[7]= [2,4,5,6,9]
ml[8]= [1,2,3,4,5,8]

mc[0]= [4,5,6]
mc[1]= [3,6,9]
mc[2]= [1,2,3,4]
mc[3]= [4,8]
mc[4]= [1,6]
mc[5]= [2,3,5]
mc[6]= [2,8,9]
mc[7]= [2,5]
mc[8]= []

mg[a]= []
mg[b]= []
mg[c]= []
mg[d]= [3,4,6]
mg[e]= [1]
mg[f]= [2]
mg[g]= [1,2,3,4,5,6,9]
mg[h]= [2,3,4,5,6,8]
mg[i]= [2,5,8,9]

Partial 59, parinte 52, total 60, active 2. ESEC nr: 29

716843592
389215764
245976318
128739645
957421-83
----8--79
---1--4-7
8----7-31
-7--9---6

ml[0]= []
ml[1]= []
ml[2]= []
ml[3]= []
ml[4]= [6]
ml[5]= [1,2,3,4,5,6]
ml[6]= [2,3,5,6,8,9]
ml[7]= [2,4,5,6,9]
ml[8]= [1,2,3,4,5,8]

mc[0]= [4,5,6]
mc[1]= [3,6,9]
mc[2]= [1,2,3,4]
mc[3]= [3,5,6]
mc[4]= [5,6]
mc[5]= [2,4,8]
mc[6]= [1,2,8,9]
mc[7]= [2,5]
mc[8]= []

mg[a]= []
mg[b]= []
mg[c]= []
mg[d]= [3,4,6]
mg[e]= [5,6]
mg[f]= [1,2]
mg[g]= [1,2,3,4,5,6,9]
mg[h]= [2,3,4,5,6,8]
mg[i]= [2,5,8,9]

Partial 60, parinte 52, total 60, active 1. ESEC nr: 30

716843592
389215764
245976318
128739645
95746-183
---58--79
---1--4-7
89-6-7231
-7--9---6

ml[0]= []
ml[1]= []
ml[2]= []
ml[3]= []
ml[4]= [2]
ml[5]= [1,2,3,4,6]
ml[6]= [2,3,5,6,8,9]
ml[7]= [4,5]
ml[8]= [1,2,3,4,5,8]

mc[0]= [4,5,6]
mc[1]= [3,6]
mc[2]= [1,2,3,4]
mc[3]= [3]
mc[4]= [2,5]
mc[5]= [1,2,4,8]
mc[6]= [8,9]
mc[7]= [2,5]
mc[8]= []

mg[a]= []
mg[b]= []
mg[c]= []
mg[d]= [3,4,6]
mg[e]= [1,2]
mg[f]= [2]
mg[g]= [1,2,3,4,5,6]
mg[h]= [2,3,4,5,8]
mg[i]= [5,8,9]

Partiale 61, esecuri 30, solutii 1
